1676588219222	geckodriver	INFO	Listening on 127.0.0.1:36565
1676588219804	mozrunner::runner	INFO	Running command: "/usr/bin/firefox" "--marionette" "--remote-debugging-port" "34171" "--remote-allow-hosts" "localhost" "-no-remote" "-profile" "/tmp/rust_mozprofile9l85KG"
ATTENTION: default value of option mesa_glthread overridden by environment.
ATTENTION: default value of option mesa_glthread overridden by environment.
ATTENTION: default value of option mesa_glthread overridden by environment.
ATTENTION: default value of option mesa_glthread overridden by environment.
1676588224908	Marionette	INFO	Marionette enabled
1676588224928	Marionette	INFO	Listening on port 41377
Read port: 41377
WebDriver BiDi listening on ws://127.0.0.1:34171
1676588225656	RemoteAgent	WARN	TLS certificate errors will be ignored for this session
console.warn: SearchSettings: "get: No settings file exists, new profile?" (new NotFoundError("Could not open the file at /tmp/rust_mozprofile9l85KG/search.json.mozlz4", (void 0)))
DevTools listening on ws://127.0.0.1:34171/devtools/browser/0d08a2a2-f26b-4100-a5e1-2188fa1bfea2
JavaScript warning: https://www.amazon.com/ line 1890 > injectedScript, line 1: WEBGL_debug_renderer_info is deprecated in Firefox and will be removed. Please use RENDERER.
JavaScript warning: https://www.amazon.com/Secura-60-Minute-Mechanical-Countdown-Collapsible/dp/B0895S4NWP line 12002 > injectedScript, line 1: WEBGL_debug_renderer_info is deprecated in Firefox and will be removed. Please use RENDERER.
1676594654474	geckodriver	INFO	Listening on 127.0.0.1:39761
1676594654491	mozrunner::runner	INFO	Running command: "/usr/bin/firefox" "--marionette" "--remote-debugging-port" "38943" "--remote-allow-hosts" "localhost" "-no-remote" "-profile" "/tmp/rust_mozprofileW99RVU"
ATTENTION: default value of option mesa_glthread overridden by environment.
ATTENTION: default value of option mesa_glthread overridden by environment.
ATTENTION: default value of option mesa_glthread overridden by environment.
ATTENTION: default value of option mesa_glthread overridden by environment.
1676594658692	Marionette	INFO	Marionette enabled
1676594658696	Marionette	INFO	Listening on port 37195
Read port: 37195
WebDriver BiDi listening on ws://127.0.0.1:38943
1676594658793	RemoteAgent	WARN	TLS certificate errors will be ignored for this session
console.warn: SearchSettings: "get: No settings file exists, new profile?" (new NotFoundError("Could not open the file at /tmp/rust_mozprofileW99RVU/search.json.mozlz4", (void 0)))
DevTools listening on ws://127.0.0.1:38943/devtools/browser/5a84a523-10bd-4240-97d2-ceae68d486b2
JavaScript error: https://media.ethicalads.io/media/client/v1.4.0/ethicalads.min.js, line 1: Error: No ad placements found.
JavaScript error: resource:///actors/FormValidationChild.sys.mjs, line 178: TypeError: this._element is null
1676596563933	geckodriver	INFO	Listening on 127.0.0.1:51565
1676596564450	mozrunner::runner	INFO	Running command: "/usr/bin/firefox" "--marionette" "--remote-debugging-port" "57293" "--remote-allow-hosts" "localhost" "-no-remote" "-profile" "/tmp/rust_mozprofilergQr54"
ATTENTION: default value of option mesa_glthread overridden by environment.
ATTENTION: default value of option mesa_glthread overridden by environment.
ATTENTION: default value of option mesa_glthread overridden by environment.
ATTENTION: default value of option mesa_glthread overridden by environment.
1676596568463	Marionette	INFO	Marionette enabled
1676596568467	Marionette	INFO	Listening on port 45705
WebDriver BiDi listening on ws://127.0.0.1:57293
Read port: 45705
Read port: 45705
1676596570820	RemoteAgent	WARN	TLS certificate errors will be ignored for this session
console.warn: SearchSettings: "get: No settings file exists, new profile?" (new NotFoundError("Could not open the file at /tmp/rust_mozprofilergQr54/search.json.mozlz4", (void 0)))
DevTools listening on ws://127.0.0.1:57293/devtools/browser/69cf215c-6125-4732-828b-1e27a8567994
1676596583280	Marionette	INFO	Stopped listening on port 37195
JavaScript error: chrome://remote/content/marionette/cert.sys.mjs, line 51: NS_ERROR_NOT_AVAILABLE: Component returned failure code: 0x80040111 (NS_ERROR_NOT_AVAILABLE) [nsICertOverrideService.setDisableAllSecurityChecksAndLetAttackersInterceptMyData]
!!! error running onStopped callback: TypeError: callback is not a function
1676596583381	RemoteAgent	ERROR	unable to stop listener: [Exception... "Component returned failure code: 0x80040111 (NS_ERROR_NOT_AVAILABLE) [nsICertOverrideService.setDisableAllSecurityChecksAndLetAttackersInterceptMyData]"  nsresult: "0x80040111 (NS_ERROR_NOT_AVAILABLE)"  location: "JS frame :: chrome://remote/content/marionette/cert.sys.mjs :: allowAllCerts.disable :: line 51"  data: no] Stack trace: allowAllCerts.disable()@sys.mjs:51
destroy()@sys.mjs:201
deleteSession()@sys.mjs:142
stop()@sys.mjs:229
console.error: "Unable to find target with innerWindowId:6442450948"
console.warn: LoginRecipes: "Falling back to a synchronous message for: https://en.wikipedia.org."
Marionette threw an error: [Exception... "Failure"  nsresult: "0x80004005 (NS_ERROR_FAILURE)"  location: "JS frame :: chrome://remote/content/marionette/capture.sys.mjs :: capture.canvas :: line 138"  data: no]
capture.canvas@chrome://remote/content/marionette/capture.sys.mjs:138:62
takeScreenshot@chrome://remote/content/marionette/actors/MarionetteCommandsParent.sys.mjs:249:37

console.error: "Marionette threw an error: [Exception... \"Failure\"  nsresult: \"0x80004005 (NS_ERROR_FAILURE)\"  location: \"JS frame :: chrome://remote/content/marionette/capture.sys.mjs :: capture.canvas :: line 138\"  data: no]\ncapture.canvas@chrome://remote/content/marionette/capture.sys.mjs:138:62\ntakeScreenshot@chrome://remote/content/marionette/actors/MarionetteCommandsParent.sys.mjs:249:37\n"
Marionette threw an error: [Exception... "Failure"  nsresult: "0x80004005 (NS_ERROR_FAILURE)"  location: "JS frame :: chrome://remote/content/marionette/capture.sys.mjs :: capture.canvas :: line 138"  data: no]
capture.canvas@chrome://remote/content/marionette/capture.sys.mjs:138:62
takeScreenshot@chrome://remote/content/marionette/actors/MarionetteCommandsParent.sys.mjs:249:37

console.error: "Marionette threw an error: [Exception... \"Failure\"  nsresult: \"0x80004005 (NS_ERROR_FAILURE)\"  location: \"JS frame :: chrome://remote/content/marionette/capture.sys.mjs :: capture.canvas :: line 138\"  data: no]\ncapture.canvas@chrome://remote/content/marionette/capture.sys.mjs:138:62\ntakeScreenshot@chrome://remote/content/marionette/actors/MarionetteCommandsParent.sys.mjs:249:37\n"
console.warn: LoginRecipes: "Falling back to a synchronous message for: https://en.wikipedia.org."
console.warn: LoginRecipes: "Falling back to a synchronous message for: https://en.wikipedia.org."
console.error: (new TypeError("currentNode is null", "resource://devtools/client/inspector/shared/style-change-tracker.js", 66))
TypeError: currentNode is null: canMutationImpactCurrentStyles@resource://devtools/client/inspector/shared/style-change-tracker.js:66:20
onMutations@resource://devtools/client/inspector/shared/style-change-tracker.js:84:41
_emit@resource://devtools/shared/event-emitter.js:242:32
emit@resource://devtools/shared/event-emitter.js:186:18
emit@resource://devtools/shared/event-emitter.js:330:18
getMutations@resource://devtools/client/fronts/walker.js:313:10

console.error: "Unable to find target with innerWindowId:10737418242"
console.error: "Unable to find target with innerWindowId:10737418242"
console.error: "Unable to find target with innerWindowId:10737418243"
console.error: "Unable to find target with innerWindowId:10737418243"
console.warn: LoginRecipes: "Falling back to a synchronous message for: https://en.wikipedia.org."
console.error: "Unable to find target with innerWindowId:10737418244"
console.error: "Unable to find target with innerWindowId:10737418244"
console.error: "Unable to find target with innerWindowId:10737418244"
1676714815024	geckodriver	INFO	Listening on 127.0.0.1:40391
1676714815438	mozrunner::runner	INFO	Running command: "/usr/bin/firefox" "--marionette" "--remote-debugging-port" "55047" "--remote-allow-hosts" "localhost" "-no-remote" "-profile" "/tmp/rust_mozprofileoY5Xhl"
ATTENTION: default value of option mesa_glthread overridden by environment.
ATTENTION: default value of option mesa_glthread overridden by environment.
ATTENTION: default value of option mesa_glthread overridden by environment.
ATTENTION: default value of option mesa_glthread overridden by environment.
1676714819682	Marionette	INFO	Marionette enabled
1676714819687	Marionette	INFO	Listening on port 32801
Read port: 32801
WebDriver BiDi listening on ws://127.0.0.1:55047
1676714820659	RemoteAgent	WARN	TLS certificate errors will be ignored for this session
console.warn: SearchSettings: "get: No settings file exists, new profile?" (new NotFoundError("Could not open the file at /tmp/rust_mozprofileoY5Xhl/search.json.mozlz4", (void 0)))
console.error: Region.sys.mjs: "Error fetching region" (new AbortError("The operation was aborted. ", (void 0), 762))
console.error: Region.sys.mjs: "Failed to fetch region" (new Error("NO_RESULT", "resource://gre/modules/Region.sys.mjs", 416))
DevTools listening on ws://127.0.0.1:55047/devtools/browser/2efa5168-e360-4dc1-8fd6-ef315424b9cc
JavaScript error: resource:///actors/FormValidationChild.sys.mjs, line 178: TypeError: this._element is null
JavaScript error: resource:///actors/FormValidationChild.sys.mjs, line 178: TypeError: this._element is null
JavaScript error: resource:///actors/FormValidationChild.sys.mjs, line 178: TypeError: this._element is null
JavaScript error: resource:///actors/FormValidationChild.sys.mjs, line 178: TypeError: this._element is null
JavaScript error: resource:///actors/FormValidationChild.sys.mjs, line 178: TypeError: this._element is null
JavaScript error: resource:///actors/FormValidationChild.sys.mjs, line 178: TypeError: this._element is null
JavaScript error: resource:///actors/FormValidationChild.sys.mjs, line 178: TypeError: this._element is null
JavaScript error: resource:///actors/FormValidationChild.sys.mjs, line 178: TypeError: this._element is null
JavaScript error: resource:///actors/FormValidationChild.sys.mjs, line 178: TypeError: this._element is null
JavaScript error: resource:///actors/FormValidationChild.sys.mjs, line 178: TypeError: this._element is null
JavaScript error: resource:///actors/FormValidationChild.sys.mjs, line 178: TypeError: this._element is null
JavaScript error: resource:///actors/FormValidationChild.sys.mjs, line 178: TypeError: this._element is null
console.warn: LoginRecipes: "Falling back to a synchronous message for: https://web.archive.org."
JavaScript error: resource:///actors/FormValidationChild.sys.mjs, line 178: TypeError: this._element is null
1676714920677	Marionette	INFO	Stopped listening on port 32801
!!! error running onStopped callback: TypeError: callback is not a function
console.error: "Unable to find target with innerWindowId:10737418245"
JavaScript error: , line 0: NotFoundError: No such JSWindowActor 'DevToolsFrame'
1676716566595	Marionette	INFO	Stopped listening on port 45705
1676716961020	geckodriver	INFO	Listening on 127.0.0.1:59971
1676716961531	mozrunner::runner	INFO	Running command: "/usr/bin/firefox" "--marionette" "--remote-debugging-port" "53007" "--remote-allow-hosts" "localhost" "-no-remote" "-profile" "/tmp/rust_mozprofile4Yc95f"
ATTENTION: default value of option mesa_glthread overridden by environment.
ATTENTION: default value of option mesa_glthread overridden by environment.
ATTENTION: default value of option mesa_glthread overridden by environment.
ATTENTION: default value of option mesa_glthread overridden by environment.
1676716965118	Marionette	INFO	Marionette enabled
1676716965123	Marionette	INFO	Listening on port 43507
Read port: 43507
WebDriver BiDi listening on ws://127.0.0.1:53007
1676716965233	RemoteAgent	WARN	TLS certificate errors will be ignored for this session
console.warn: SearchSettings: "get: No settings file exists, new profile?" (new NotFoundError("Could not open the file at /tmp/rust_mozprofile4Yc95f/search.json.mozlz4", (void 0)))
DevTools listening on ws://127.0.0.1:53007/devtools/browser/0372b759-76a4-4364-95c2-ce0a84537b2d
JavaScript warning: https://pagead2.googlesyndication.com/bg/6N6xbrRFdMEff8Jis_shwjAW5G8di4zE4BhK3Aw40Jc.js line 2 > eval line 6379 > eval line 1 > eval line 1 > eval, line 1: WEBGL_debug_renderer_info is deprecated in Firefox and will be removed. Please use RENDERER.
JavaScript warning: https://pagead2.googlesyndication.com/bg/6N6xbrRFdMEff8Jis_shwjAW5G8di4zE4BhK3Aw40Jc.js line 2 > eval line 1007 > eval line 1 > eval line 1 > eval, line 1: WEBGL_debug_renderer_info is deprecated in Firefox and will be removed. Please use RENDERER.
JavaScript error: , line 0: NotAllowedError: The play method is not allowed by the user agent or the platform in the current context, possibly because the user denied permission.
1676716994681	Marionette	INFO	Stopped listening on port 43507
JavaScript error: , line 0: TypeError: NetworkError when attempting to fetch resource.
JavaScript error: , line 0: TypeError: NetworkError when attempting to fetch resource.
WARNING: A blocker encountered an error while we were waiting.
          Blocker:  Waiting for ping task
          Phase: TelemetryController: Waiting for pending ping activity
          State: (none)
WARNING: Error: Phase "profile-before-change" is finished, it is too late to register completion condition "OS.File: flush I/O queued before profileBeforeChange"
WARNING: addBlocker@resource://gre/modules/AsyncShutdown.jsm:718:15
addBlocker@resource://gre/modules/AsyncShutdown.jsm:523:26
addBlocker@resource://gre/modules/AsyncShutdown.jsm:462:15
setupShutdown@resource://gre/modules/osfile/osfile_async_front.jsm:1548:28
@resource://gre/modules/osfile/osfile_async_front.jsm:1568:16
@resource://gre/modules/osfile.jsm:12:30
@resource://gre/modules/TelemetryStorage.jsm:19:28
promiseArchivePing@resource://gre/modules/TelemetryArchive.jsm:103:5
promiseArchivePing@resource://gre/modules/TelemetryArchive.jsm:63:33
_submitPingLogic@resource://gre/modules/TelemetryControllerParent.jsm:540:48
send@resource://gre/modules/TelemetryControllerParent.jsm:628:24
submitExternalPing@resource://gre/modules/TelemetryControllerParent.jsm:182:17
sendPing@resource://gre/modules/EventPing.jsm:51:30
_submitPing@resource://gre/modules/EventPing.jsm:229:12
shutdown@resource://gre/modules/EventPing.jsm:112:10
_cleanupOnShutdown@resource://gre/modules/TelemetryControllerParent.jsm:940:31
shutdown/<@resource://gre/modules/TelemetryControllerParent.jsm:1010:24
observe@resource://gre/modules/AsyncShutdown.jsm:572:16

WARNING: A blocker encountered an error while we were waiting.
          Blocker:  Waiting for ping task
          Phase: TelemetryController: Waiting for pending ping activity
          State: (none)
WARNING: Error: Phase "profile-before-change" is finished, it is too late to register completion condition "OS.File: flush I/O queued before profileBeforeChange"
WARNING: addBlocker@resource://gre/modules/AsyncShutdown.jsm:718:15
addBlocker@resource://gre/modules/AsyncShutdown.jsm:523:26
addBlocker@resource://gre/modules/AsyncShutdown.jsm:462:15
setupShutdown@resource://gre/modules/osfile/osfile_async_front.jsm:1548:28
@resource://gre/modules/osfile/osfile_async_front.jsm:1568:16
@resource://gre/modules/osfile.jsm:12:30
@resource://gre/modules/TelemetryStorage.jsm:19:28
promiseArchivePing@resource://gre/modules/TelemetryArchive.jsm:103:5
promiseArchivePing@resource://gre/modules/TelemetryArchive.jsm:63:33
_submitPingLogic@resource://gre/modules/TelemetryControllerParent.jsm:540:48
send@resource://gre/modules/TelemetryControllerParent.jsm:628:24
submitExternalPing@resource://gre/modules/TelemetryControllerParent.jsm:182:17
saveShutdownPings@resource://gre/modules/TelemetrySession.jsm:982:34
shutdownChromeProcess/cleanup/<@resource://gre/modules/TelemetrySession.jsm:1232:20
cleanup@resource://gre/modules/TelemetrySession.jsm:1239:9
shutdownChromeProcess@resource://gre/modules/TelemetrySession.jsm:1256:14
shutdown@resource://gre/modules/TelemetrySession.jsm:247:17
_cleanupOnShutdown@resource://gre/modules/TelemetryControllerParent.jsm:959:35
observe@resource://gre/modules/AsyncShutdown.jsm:572:16

WARNING: A blocker encountered an error while we were waiting.
          Blocker:  Waiting for ping task
          Phase: TelemetryController: Waiting for pending ping activity
          State: (none)
WARNING: Error: Phase "profile-before-change" is finished, it is too late to register completion condition "OS.File: flush I/O queued before profileBeforeChange"
WARNING: addBlocker@resource://gre/modules/AsyncShutdown.jsm:718:15
addBlocker@resource://gre/modules/AsyncShutdown.jsm:523:26
addBlocker@resource://gre/modules/AsyncShutdown.jsm:462:15
setupShutdown@resource://gre/modules/osfile/osfile_async_front.jsm:1548:28
@resource://gre/modules/osfile/osfile_async_front.jsm:1568:16
@resource://gre/modules/osfile.jsm:12:30
@resource://gre/modules/TelemetryStorage.jsm:19:28
promiseArchivePing@resource://gre/modules/TelemetryArchive.jsm:103:5
promiseArchivePing@resource://gre/modules/TelemetryArchive.jsm:63:33
_submitPingLogic@resource://gre/modules/TelemetryControllerParent.jsm:540:48
send@resource://gre/modules/TelemetryControllerParent.jsm:628:24
submitExternalPing@resource://gre/modules/TelemetryControllerParent.jsm:182:17
saveShutdownPings@resource://gre/modules/TelemetrySession.jsm:1014:36
shutdownChromeProcess/cleanup/<@resource://gre/modules/TelemetrySession.jsm:1232:20
cleanup@resource://gre/modules/TelemetrySession.jsm:1239:9
shutdownChromeProcess@resource://gre/modules/TelemetrySession.jsm:1256:14
shutdown@resource://gre/modules/TelemetrySession.jsm:247:17
_cleanupOnShutdown@resource://gre/modules/TelemetryControllerParent.jsm:959:35
observe@resource://gre/modules/AsyncShutdown.jsm:572:16

WARNING: A blocker encountered an error while we were waiting.
          Blocker:  TelemetryController: shutting down
          Phase: profile-before-change-telemetry
          State: Error getting state: Error: Phase "profile-before-change" is finished, it is too late to register completion condition "OS.File: flush I/O queued before profileBeforeChange" at addBlocker@resource://gre/modules/AsyncShutdown.jsm:718:15
addBlocker@resource://gre/modules/AsyncShutdown.jsm:523:26
addBlocker@resource://gre/modules/AsyncShutdown.jsm:462:15
setupShutdown@resource://gre/modules/osfile/osfile_async_front.jsm:1548:28
@resource://gre/modules/osfile/osfile_async_front.jsm:1568:16
@resource://gre/modules/osfile.jsm:12:30
@resource://gre/modules/TelemetryStorage.jsm:19:28
getShutdownState@resource://gre/modules/TelemetrySend.jsm:1692:7
getShutdownState@resource://gre/modules/TelemetrySend.jsm:374:30
_getState@resource://gre/modules/TelemetryControllerParent.jsm:1058:38
setupTelemetry/<@resource://gre/modules/TelemetryControllerParent.jsm:917:18
safeGetState@resource://gre/modules/AsyncShutdown.jsm:254:17
Barrier/_internalAddBlocker/promise<@resource://gre/modules/AsyncShutdown.jsm:773:20
observe@resource://gre/modules/AsyncShutdown.jsm:572:16

WARNING: Error: Phase "profile-before-change" is finished, it is too late to register completion condition "OS.File: flush I/O queued before profileBeforeChange"
WARNING: addBlocker@resource://gre/modules/AsyncShutdown.jsm:718:15
addBlocker@resource://gre/modules/AsyncShutdown.jsm:523:26
addBlocker@resource://gre/modules/AsyncShutdown.jsm:462:15
setupShutdown@resource://gre/modules/osfile/osfile_async_front.jsm:1548:28
@resource://gre/modules/osfile/osfile_async_front.jsm:1568:16
@resource://gre/modules/osfile.jsm:12:30
@resource://gre/modules/TelemetryStorage.jsm:19:28
removeAbortedSessionPing@resource://gre/modules/TelemetryControllerParent.jsm:721:5
removeAbortedSessionPing@resource://gre/modules/TelemetryControllerParent.jsm:249:17
shutdownChromeProcess/cleanup/<@resource://gre/modules/TelemetrySession.jsm:1235:42
observe@resource://gre/modules/AsyncShutdown.jsm:572:16

JavaScript error: resource://gre/modules/AsyncShutdown.jsm, line 718: Error: Phase "profile-before-change" is finished, it is too late to register completion condition "OS.File: flush I/O queued before profileBeforeChange"
JavaScript error: resource://gre/modules/AsyncShutdown.jsm, line 718: Error: Phase "profile-before-change" is finished, it is too late to register completion condition "OS.File: flush I/O queued before profileBeforeChange"
JavaScript error: resource://gre/modules/AsyncShutdown.jsm, line 718: Error: Phase "profile-before-change" is finished, it is too late to register completion condition "OS.File: flush I/O queued before profileBeforeChange"
JavaScript error: resource://gre/modules/AsyncShutdown.jsm, line 718: Error: Phase "profile-before-change" is finished, it is too late to register completion condition "OS.File: flush I/O queued before profileBeforeChange"
JavaScript error: resource://gre/modules/AsyncShutdown.jsm, line 718: Error: Phase "profile-before-change" is finished, it is too late to register completion condition "OS.File: flush I/O queued before profileBeforeChange"
JavaScript error: resource://gre/modules/AsyncShutdown.jsm, line 718: Error: Phase "profile-before-change" is finished, it is too late to register completion condition "OS.File: flush I/O queued before profileBeforeChange"
1676717011004	geckodriver	INFO	Listening on 127.0.0.1:60489
1676717011510	mozrunner::runner	INFO	Running command: "/usr/bin/firefox" "--marionette" "--remote-debugging-port" "35299" "--remote-allow-hosts" "localhost" "-no-remote" "-profile" "/tmp/rust_mozprofileKkbWRV"
ATTENTION: default value of option mesa_glthread overridden by environment.
ATTENTION: default value of option mesa_glthread overridden by environment.
ATTENTION: default value of option mesa_glthread overridden by environment.
ATTENTION: default value of option mesa_glthread overridden by environment.
1676717014786	Marionette	INFO	Marionette enabled
1676717014792	Marionette	INFO	Listening on port 36323
Read port: 36323
WebDriver BiDi listening on ws://127.0.0.1:35299
1676717014911	RemoteAgent	WARN	TLS certificate errors will be ignored for this session
console.warn: SearchSettings: "get: No settings file exists, new profile?" (new NotFoundError("Could not open the file at /tmp/rust_mozprofileKkbWRV/search.json.mozlz4", (void 0)))
DevTools listening on ws://127.0.0.1:35299/devtools/browser/33fd4124-a554-4a99-97aa-d4f73f66c60b
1676717759076	Marionette	INFO	Stopped listening on port 36323
!!! error running onStopped callback: TypeError: callback is not a function
1676717939409	geckodriver	INFO	Listening on 127.0.0.1:43977
1676717939914	mozrunner::runner	INFO	Running command: "/usr/bin/firefox" "--marionette" "--remote-debugging-port" "52813" "--remote-allow-hosts" "localhost" "-no-remote" "-profile" "/tmp/rust_mozprofileUStJnt"
ATTENTION: default value of option mesa_glthread overridden by environment.
ATTENTION: default value of option mesa_glthread overridden by environment.
ATTENTION: default value of option mesa_glthread overridden by environment.
ATTENTION: default value of option mesa_glthread overridden by environment.
1676717943312	Marionette	INFO	Marionette enabled
1676717943318	Marionette	INFO	Listening on port 42213
WebDriver BiDi listening on ws://127.0.0.1:52813
Read port: 42213
1676717943958	RemoteAgent	WARN	TLS certificate errors will be ignored for this session
console.warn: SearchSettings: "get: No settings file exists, new profile?" (new NotFoundError("Could not open the file at /tmp/rust_mozprofileUStJnt/search.json.mozlz4", (void 0)))
DevTools listening on ws://127.0.0.1:52813/devtools/browser/2ce9e306-4100-4651-a36d-b27eea910aec
console.error: (new TypeError("parent is null", "resource://devtools/client/inspector/shared/style-change-tracker.js", 67))
TypeError: parent is null: canMutationImpactCurrentStyles@resource://devtools/client/inspector/shared/style-change-tracker.js:67:24
onMutations@resource://devtools/client/inspector/shared/style-change-tracker.js:84:41
_emit@resource://devtools/shared/event-emitter.js:242:32
emit@resource://devtools/shared/event-emitter.js:186:18
emit@resource://devtools/shared/event-emitter.js:330:18
getMutations@resource://devtools/client/fronts/walker.js:313:10

1676719000477	Marionette	INFO	Stopped listening on port 42213
JavaScript error: , line 0: NotFoundError: No such JSWindowActor 'DevToolsFrame'
JavaScript error: , line 0: NotFoundError: No such JSWindowActor 'DevToolsFrame'
1676719264268	geckodriver	INFO	Listening on 127.0.0.1:60447
1676719264776	mozrunner::runner	INFO	Running command: "/usr/bin/firefox" "--marionette" "--remote-debugging-port" "40953" "--remote-allow-hosts" "localhost" "-no-remote" "-profile" "/tmp/rust_mozprofileb28ddL"
ATTENTION: default value of option mesa_glthread overridden by environment.
ATTENTION: default value of option mesa_glthread overridden by environment.
ATTENTION: default value of option mesa_glthread overridden by environment.
ATTENTION: default value of option mesa_glthread overridden by environment.
1676719267468	Marionette	INFO	Marionette enabled
1676719267472	Marionette	INFO	Listening on port 42249
Read port: 42249
WebDriver BiDi listening on ws://127.0.0.1:40953
1676719267587	RemoteAgent	WARN	TLS certificate errors will be ignored for this session
console.warn: SearchSettings: "get: No settings file exists, new profile?" (new NotFoundError("Could not open the file at /tmp/rust_mozprofileb28ddL/search.json.mozlz4", (void 0)))
DevTools listening on ws://127.0.0.1:40953/devtools/browser/fd5ebf68-0281-411f-8cfb-ab329be54934
1676719437653	Marionette	INFO	Stopped listening on port 42249
!!! error running onStopped callback: TypeError: callback is not a function
1676719523709	geckodriver	INFO	Listening on 127.0.0.1:57739
1676719524218	mozrunner::runner	INFO	Running command: "/usr/bin/firefox" "--marionette" "--remote-debugging-port" "50619" "--remote-allow-hosts" "localhost" "-no-remote" "-profile" "/tmp/rust_mozprofileNT5Fli"
ATTENTION: default value of option mesa_glthread overridden by environment.
ATTENTION: default value of option mesa_glthread overridden by environment.
ATTENTION: default value of option mesa_glthread overridden by environment.
ATTENTION: default value of option mesa_glthread overridden by environment.
1676719527042	Marionette	INFO	Marionette enabled
1676719527046	Marionette	INFO	Listening on port 36637
WebDriver BiDi listening on ws://127.0.0.1:50619
Read port: 36637
1676719529847	RemoteAgent	WARN	TLS certificate errors will be ignored for this session
console.warn: SearchSettings: "get: No settings file exists, new profile?" (new NotFoundError("Could not open the file at /tmp/rust_mozprofileNT5Fli/search.json.mozlz4", (void 0)))
DevTools listening on ws://127.0.0.1:50619/devtools/browser/374eff71-37e8-4922-95ee-36cd8c9cee5c
1676719630163	Marionette	INFO	Stopped listening on port 36637
1676719657412	geckodriver	INFO	Listening on 127.0.0.1:40079
1676719657920	mozrunner::runner	INFO	Running command: "/usr/bin/firefox" "--marionette" "--remote-debugging-port" "33379" "--remote-allow-hosts" "localhost" "-no-remote" "-profile" "/tmp/rust_mozprofileV2Fdmn"
ATTENTION: default value of option mesa_glthread overridden by environment.
ATTENTION: default value of option mesa_glthread overridden by environment.
ATTENTION: default value of option mesa_glthread overridden by environment.
ATTENTION: default value of option mesa_glthread overridden by environment.
1676719661240	Marionette	INFO	Marionette enabled
1676719661244	Marionette	INFO	Listening on port 40733
WebDriver BiDi listening on ws://127.0.0.1:33379
Read port: 40733
Read port: 40733
1676719664341	RemoteAgent	WARN	TLS certificate errors will be ignored for this session
console.warn: SearchSettings: "get: No settings file exists, new profile?" (new NotFoundError("Could not open the file at /tmp/rust_mozprofileV2Fdmn/search.json.mozlz4", (void 0)))
DevTools listening on ws://127.0.0.1:33379/devtools/browser/4867e966-1800-4945-b6fc-d0bd691fa0dd
1676719880840	Marionette	INFO	Stopped listening on port 40733
1676719924271	geckodriver	INFO	Listening on 127.0.0.1:33121
1676719924780	mozrunner::runner	INFO	Running command: "/usr/bin/firefox" "--marionette" "--remote-debugging-port" "43239" "--remote-allow-hosts" "localhost" "-no-remote" "-profile" "/tmp/rust_mozprofileJp95Wo"
ATTENTION: default value of option mesa_glthread overridden by environment.
ATTENTION: default value of option mesa_glthread overridden by environment.
ATTENTION: default value of option mesa_glthread overridden by environment.
ATTENTION: default value of option mesa_glthread overridden by environment.
1676719927085	Marionette	INFO	Marionette enabled
1676719927089	Marionette	INFO	Listening on port 33477
WebDriver BiDi listening on ws://127.0.0.1:43239
Read port: 33477
Read port: 33477
1676719929868	RemoteAgent	WARN	TLS certificate errors will be ignored for this session
console.warn: SearchSettings: "get: No settings file exists, new profile?" (new NotFoundError("Could not open the file at /tmp/rust_mozprofileJp95Wo/search.json.mozlz4", (void 0)))
DevTools listening on ws://127.0.0.1:43239/devtools/browser/35b5bc34-cf94-4aa0-9ff3-9326f3146833
1676720236196	Marionette	INFO	Stopped listening on port 33477
1676720381628	geckodriver	INFO	Listening on 127.0.0.1:49477
1676720382137	mozrunner::runner	INFO	Running command: "/usr/bin/firefox" "--marionette" "--remote-debugging-port" "51285" "--remote-allow-hosts" "localhost" "-no-remote" "-profile" "/tmp/rust_mozprofileBTENr8"
ATTENTION: default value of option mesa_glthread overridden by environment.
ATTENTION: default value of option mesa_glthread overridden by environment.
ATTENTION: default value of option mesa_glthread overridden by environment.
ATTENTION: default value of option mesa_glthread overridden by environment.
1676720385523	Marionette	INFO	Marionette enabled
1676720385527	Marionette	INFO	Listening on port 40211
Read port: 40211
WebDriver BiDi listening on ws://127.0.0.1:51285
1676720385630	RemoteAgent	WARN	TLS certificate errors will be ignored for this session
console.warn: SearchSettings: "get: No settings file exists, new profile?" (new NotFoundError("Could not open the file at /tmp/rust_mozprofileBTENr8/search.json.mozlz4", (void 0)))
DevTools listening on ws://127.0.0.1:51285/devtools/browser/dc8cb6ff-1697-451e-b157-c88484e60aba
1676720693080	Marionette	INFO	Stopped listening on port 40211
1676720734460	geckodriver	INFO	Listening on 127.0.0.1:42297
1676720734970	mozrunner::runner	INFO	Running command: "/usr/bin/firefox" "--marionette" "--remote-debugging-port" "44037" "--remote-allow-hosts" "localhost" "-no-remote" "-profile" "/tmp/rust_mozprofileOEANTb"
ATTENTION: default value of option mesa_glthread overridden by environment.
ATTENTION: default value of option mesa_glthread overridden by environment.
ATTENTION: default value of option mesa_glthread overridden by environment.
ATTENTION: default value of option mesa_glthread overridden by environment.
1676720738274	Marionette	INFO	Marionette enabled
1676720738278	Marionette	INFO	Listening on port 42289
Read port: 42289
WebDriver BiDi listening on ws://127.0.0.1:44037
1676720738369	RemoteAgent	WARN	TLS certificate errors will be ignored for this session
console.warn: SearchSettings: "get: No settings file exists, new profile?" (new NotFoundError("Could not open the file at /tmp/rust_mozprofileOEANTb/search.json.mozlz4", (void 0)))
DevTools listening on ws://127.0.0.1:44037/devtools/browser/0a83c631-003c-4896-9ef5-e7a2621d3a5b
1676720966145	Marionette	INFO	Stopped listening on port 42289
1676721013400	geckodriver	INFO	Listening on 127.0.0.1:35577
1676721013911	mozrunner::runner	INFO	Running command: "/usr/bin/firefox" "--marionette" "--remote-debugging-port" "57999" "--remote-allow-hosts" "localhost" "-no-remote" "-profile" "/tmp/rust_mozprofile2tfrpK"
ATTENTION: default value of option mesa_glthread overridden by environment.
ATTENTION: default value of option mesa_glthread overridden by environment.
ATTENTION: default value of option mesa_glthread overridden by environment.
ATTENTION: default value of option mesa_glthread overridden by environment.
1676721016676	Marionette	INFO	Marionette enabled
1676721016680	Marionette	INFO	Listening on port 44593
Read port: 44593
WebDriver BiDi listening on ws://127.0.0.1:57999
1676721016771	RemoteAgent	WARN	TLS certificate errors will be ignored for this session
console.warn: SearchSettings: "get: No settings file exists, new profile?" (new NotFoundError("Could not open the file at /tmp/rust_mozprofile2tfrpK/search.json.mozlz4", (void 0)))
DevTools listening on ws://127.0.0.1:57999/devtools/browser/3e6336dc-04ef-4aec-9039-c000396bcc1b
1676721323147	Marionette	INFO	Stopped listening on port 44593
!!! error running onStopped callback: TypeError: callback is not a function
1676721368964	geckodriver	INFO	Listening on 127.0.0.1:39833
1676721369474	mozrunner::runner	INFO	Running command: "/usr/bin/firefox" "--marionette" "--remote-debugging-port" "53841" "--remote-allow-hosts" "localhost" "-no-remote" "-profile" "/tmp/rust_mozprofiled52Dmn"
ATTENTION: default value of option mesa_glthread overridden by environment.
ATTENTION: default value of option mesa_glthread overridden by environment.
ATTENTION: default value of option mesa_glthread overridden by environment.
ATTENTION: default value of option mesa_glthread overridden by environment.
1676721374117	Marionette	INFO	Marionette enabled
1676721374121	Marionette	INFO	Listening on port 41783
WebDriver BiDi listening on ws://127.0.0.1:53841
Read port: 41783
Read port: 41783
1676721377778	RemoteAgent	WARN	TLS certificate errors will be ignored for this session
console.warn: SearchSettings: "get: No settings file exists, new profile?" (new NotFoundError("Could not open the file at /tmp/rust_mozprofiled52Dmn/search.json.mozlz4", (void 0)))
DevTools listening on ws://127.0.0.1:53841/devtools/browser/fd0cef60-b7fa-407c-805b-177ca86bed90
1676721683413	Marionette	INFO	Stopped listening on port 41783
!!! error running onStopped callback: TypeError: callback is not a function
1676721833524	geckodriver	INFO	Listening on 127.0.0.1:39359
1676721834036	mozrunner::runner	INFO	Running command: "/usr/bin/firefox" "--marionette" "--remote-debugging-port" "46833" "--remote-allow-hosts" "localhost" "-no-remote" "-profile" "/tmp/rust_mozprofiletbnzqi"
ATTENTION: default value of option mesa_glthread overridden by environment.
ATTENTION: default value of option mesa_glthread overridden by environment.
ATTENTION: default value of option mesa_glthread overridden by environment.
ATTENTION: default value of option mesa_glthread overridden by environment.
1676721837704	Marionette	INFO	Marionette enabled
1676721837708	Marionette	INFO	Listening on port 46377
Read port: 46377
WebDriver BiDi listening on ws://127.0.0.1:46833
1676721837802	RemoteAgent	WARN	TLS certificate errors will be ignored for this session
console.warn: SearchSettings: "get: No settings file exists, new profile?" (new NotFoundError("Could not open the file at /tmp/rust_mozprofiletbnzqi/search.json.mozlz4", (void 0)))
DevTools listening on ws://127.0.0.1:46833/devtools/browser/0f8be453-6d26-463a-a099-27086b91bd34
1676722144193	Marionette	INFO	Stopped listening on port 46377
Sandbox: Unexpected EOF, op 0 flags 00 path /proc/cpuinfo
